<?xml version="1.0" encoding="UTF-8"?>
<!-- Generated by org.testng.reporters.JUnitReportReporter -->
<testsuite hostname="Sony-PC" failures="0" tests="2" name="com.Tut.DemoTut" time="0.004" errors="0" timestamp="2022-05-04T17:15:55 IST" skipped="0">
  <testcase classname="com.Tut.DemoTut" name="pqr" time="0.002"/>
  <system-out/>
  <testcase classname="com.Tut.DemoTut" name="stu" time="0.002"/>
  <system-out/>
</testsuite> <!-- com.Tut.DemoTut -->
