<?xml version="1.0" encoding="UTF-8"?>
<!-- Generated by org.testng.reporters.JUnitReportReporter -->
<testsuite hostname="Sony-PC" failures="0" tests="3" name="com.para.Demo1" time="0.013" errors="0" timestamp="2022-04-28T17:23:32 IST" skipped="0">
  <testcase classname="com.para.Demo1" name="states" time="0.009"/>
  <system-out/>
  <testcase classname="com.para.Demo1" name="s1" time="0.002"/>
  <system-out/>
  <testcase classname="com.para.Demo1" name="s2" time="0.002"/>
  <system-out/>
</testsuite> <!-- com.para.Demo1 -->
