<?xml version="1.0" encoding="UTF-8"?>
<!-- Generated by org.testng.reporters.JUnitReportReporter -->
<testsuite hostname="Sony-PC" failures="0" tests="3" name="com.TestLayer.LoginpageTest" time="10.797" errors="0" timestamp="2022-04-25T16:46:36 IST" skipped="0">
  <testcase classname="com.TestLayer.LoginpageTest" name="LoginValidation" time="0.018"/>
  <system-out/>
  <testcase classname="com.TestLayer.LoginpageTest" name="EnterDataToLoginpage" time="9.884"/>
  <system-out/>
  <testcase classname="com.TestLayer.LoginpageTest" name="teardwoun" time="0.895"/>
  <system-out/>
</testsuite> <!-- com.TestLayer.LoginpageTest -->
